# JRE version: Java(TM) SE Runtime Environment (8.0_202-b08) (build 1.8.0_202-b08)
# Java VM: Java HotSpot(TM) 64-Bit Server VM (25.202-b08 mixed mode windows-amd64 compressed oops)
Heap:
 PSYoungGen      total 224768K, used 120183K [0x0000000717180000, 0x0000000727480000, 0x00000007c0000000)
  eden space 192512K, 52% used [0x0000000717180000,0x000000071d427340,0x0000000722d80000)
  from space 32256K, 59% used [0x0000000725500000,0x00000007267b6bc8,0x0000000727480000)
  to   space 36352K, 0% used [0x0000000722d80000,0x0000000722d80000,0x0000000725100000)
 ParOldGen       total 275456K, used 38859K [0x00000005c5400000, 0x00000005d6100000, 0x0000000717180000)
  object space 275456K, 14% used [0x00000005c5400000,0x00000005c79f2d20,0x00000005d6100000)
 Metaspace       used 29499K, capacity 30968K, committed 31152K, reserved 1077248K
  class space    used 3938K, capacity 4224K, committed 4272K, reserved 1048576K
GC Heap History (10 events):
Event: 1.394 GC heap before
{Heap before GC invocations=3 (full 1):
 PSYoungGen      total 151552K, used 21483K [0x0000000717180000, 0x0000000721a80000, 0x00000007c0000000)
  eden space 130048K, 0% used [0x0000000717180000,0x0000000717180000,0x000000071f080000)
  from space 21504K, 99% used [0x0000000720580000,0x0000000721a7aca0,0x0000000721a80000)
  to   space 21504K, 0% used [0x000000071f080000,0x000000071f080000,0x0000000720580000)
 ParOldGen       total 347136K, used 17554K [0x00000005c5400000, 0x00000005da700000, 0x0000000717180000)
  object space 347136K, 5% used [0x00000005c5400000,0x00000005c6524b60,0x00000005da700000)
 Metaspace       used 20741K, capacity 21280K, committed 21296K, reserved 1067008K
  class space    used 2693K, capacity 2850K, committed 2864K, reserved 1048576K
Event: 1.414 GC heap after
Heap after GC invocations=3 (full 1):
 PSYoungGen      total 151552K, used 0K [0x0000000717180000, 0x0000000721a80000, 0x00000007c0000000)
  eden space 130048K, 0% used [0x0000000717180000,0x0000000717180000,0x000000071f080000)
  from space 21504K, 0% used [0x0000000720580000,0x0000000720580000,0x0000000721a80000)
  to   space 21504K, 0% used [0x000000071f080000,0x000000071f080000,0x0000000720580000)
 ParOldGen       total 275456K, used 38819K [0x00000005c5400000, 0x00000005d6100000, 0x0000000717180000)
  object space 275456K, 14% used [0x00000005c5400000,0x00000005c79e8d20,0x00000005d6100000)
 Metaspace       used 20741K, capacity 21280K, committed 21296K, reserved 1067008K
  class space    used 2693K, capacity 2850K, committed 2864K, reserved 1048576K
}
Event: 2.938 GC heap before
{Heap before GC invocations=4 (full 1):
 PSYoungGen      total 151552K, used 130048K [0x0000000717180000, 0x0000000721a80000, 0x00000007c0000000)
  eden space 130048K, 100% used [0x0000000717180000,0x000000071f080000,0x000000071f080000)
  from space 21504K, 0% used [0x0000000720580000,0x0000000720580000,0x0000000721a80000)
  to   space 21504K, 0% used [0x000000071f080000,0x000000071f080000,0x0000000720580000)
 ParOldGen       total 275456K, used 38819K [0x00000005c5400000, 0x00000005d6100000, 0x0000000717180000)
  object space 275456K, 14% used [0x00000005c5400000,0x00000005c79e8d20,0x00000005d6100000)
 Metaspace       used 26234K, capacity 27130K, committed 27312K, reserved 1073152K
  class space    used 3517K, capacity 3733K, committed 3760K, reserved 1048576K
Event: 2.939 GC heap after
Heap after GC invocations=4 (full 1):
 PSYoungGen      total 151552K, used 10901K [0x0000000717180000, 0x0000000723e00000, 0x00000007c0000000)
  eden space 130048K, 0% used [0x0000000717180000,0x0000000717180000,0x000000071f080000)
  from space 21504K, 50% used [0x000000071f080000,0x000000071fb255d0,0x0000000720580000)
  to   space 21504K, 0% used [0x0000000722900000,0x0000000722900000,0x0000000723e00000)
 ParOldGen       total 275456K, used 38827K [0x00000005c5400000, 0x00000005d6100000, 0x0000000717180000)
  object space 275456K, 14% used [0x00000005c5400000,0x00000005c79ead20,0x00000005d6100000)
 Metaspace       used 26234K, capacity 27130K, committed 27312K, reserved 1073152K
  class space    used 3517K, capacity 3733K, committed 3760K, reserved 1048576K
}
Event: 4.855 GC heap before
{Heap before GC invocations=5 (full 1):
 PSYoungGen      total 151552K, used 140949K [0x0000000717180000, 0x0000000723e00000, 0x00000007c0000000)
  eden space 130048K, 100% used [0x0000000717180000,0x000000071f080000,0x000000071f080000)
  from space 21504K, 50% used [0x000000071f080000,0x000000071fb255d0,0x0000000720580000)
  to   space 21504K, 0% used [0x0000000722900000,0x0000000722900000,0x0000000723e00000)
 ParOldGen       total 275456K, used 38827K [0x00000005c5400000, 0x00000005d6100000, 0x0000000717180000)
  object space 275456K, 14% used [0x00000005c5400000,0x00000005c79ead20,0x00000005d6100000)
 Metaspace       used 28528K, capacity 29852K, committed 30000K, reserved 1075200K
  class space    used 3862K, capacity 4142K, committed 4144K, reserved 1048576K
Event: 4.859 GC heap after
Heap after GC invocations=5 (full 1):
 PSYoungGen      total 181248K, used 19032K [0x0000000717180000, 0x0000000723c00000, 0x00000007c0000000)
  eden space 161792K, 0% used [0x0000000717180000,0x0000000717180000,0x0000000720f80000)
  from space 19456K, 97% used [0x0000000722900000,0x0000000723b96320,0x0000000723c00000)
  to   space 21504K, 0% used [0x0000000721200000,0x0000000721200000,0x0000000722700000)
 ParOldGen       total 275456K, used 38843K [0x00000005c5400000, 0x00000005d6100000, 0x0000000717180000)
  object space 275456K, 14% used [0x00000005c5400000,0x00000005c79eed20,0x00000005d6100000)
 Metaspace       used 28528K, capacity 29852K, committed 30000K, reserved 1075200K
  class space    used 3862K, capacity 4142K, committed 4144K, reserved 1048576K
}
Event: 9.176 GC heap before
{Heap before GC invocations=6 (full 1):
 PSYoungGen      total 181248K, used 180824K [0x0000000717180000, 0x0000000723c00000, 0x00000007c0000000)
  eden space 161792K, 100% used [0x0000000717180000,0x0000000720f80000,0x0000000720f80000)
  from space 19456K, 97% used [0x0000000722900000,0x0000000723b96320,0x0000000723c00000)
  to   space 21504K, 0% used [0x0000000721200000,0x0000000721200000,0x0000000722700000)
 ParOldGen       total 275456K, used 38843K [0x00000005c5400000, 0x00000005d6100000, 0x0000000717180000)
  object space 275456K, 14% used [0x00000005c5400000,0x00000005c79eed20,0x00000005d6100000)
 Metaspace       used 28733K, capacity 30112K, committed 30256K, reserved 1075200K
  class space    used 3862K, capacity 4142K, committed 4144K, reserved 1048576K
Event: 9.179 GC heap after
Heap after GC invocations=6 (full 1):
 PSYoungGen      total 185856K, used 16730K [0x0000000717180000, 0x0000000727a80000, 0x00000007c0000000)
  eden space 164352K, 0% used [0x0000000717180000,0x0000000717180000,0x0000000721200000)
  from space 21504K, 77% used [0x0000000721200000,0x0000000722256b98,0x0000000722700000)
  to   space 38400K, 0% used [0x0000000725500000,0x0000000725500000,0x0000000727a80000)
 ParOldGen       total 275456K, used 38851K [0x00000005c5400000, 0x00000005d6100000, 0x0000000717180000)
  object space 275456K, 14% used [0x00000005c5400000,0x00000005c79f0d20,0x00000005d6100000)
 Metaspace       used 28733K, capacity 30112K, committed 30256K, reserved 1075200K
  class space    used 3862K, capacity 4142K, committed 4144K, reserved 1048576K
}
Event: 12.776 GC heap before
{Heap before GC invocations=7 (full 1):
 PSYoungGen      total 185856K, used 181082K [0x0000000717180000, 0x0000000727a80000, 0x00000007c0000000)
  eden space 164352K, 100% used [0x0000000717180000,0x0000000721200000,0x0000000721200000)
  from space 21504K, 77% used [0x0000000721200000,0x0000000722256b98,0x0000000722700000)
  to   space 38400K, 0% used [0x0000000725500000,0x0000000725500000,0x0000000727a80000)
 ParOldGen       total 275456K, used 38851K [0x00000005c5400000, 0x00000005d6100000, 0x0000000717180000)
  object space 275456K, 14% used [0x00000005c5400000,0x00000005c79f0d20,0x00000005d6100000)
 Metaspace       used 29023K, capacity 30406K, committed 30640K, reserved 1075200K
  class space    used 3886K, capacity 4175K, committed 4272K, reserved 1048576K
Event: 12.779 GC heap after
Heap after GC invocations=7 (full 1):
 PSYoungGen      total 224768K, used 19162K [0x0000000717180000, 0x0000000727480000, 0x00000007c0000000)
  eden space 192512K, 0% used [0x0000000717180000,0x0000000717180000,0x0000000722d80000)
  from space 32256K, 59% used [0x0000000725500000,0x00000007267b6bc8,0x0000000727480000)
  to   space 36352K, 0% used [0x0000000722d80000,0x0000000722d80000,0x0000000725100000)
 ParOldGen       total 275456K, used 38859K [0x00000005c5400000, 0x00000005d6100000, 0x0000000717180000)
  object space 275456K, 14% used [0x00000005c5400000,0x00000005c79f2d20,0x00000005d6100000)
 Metaspace       used 29023K, capacity 30406K, committed 30640K, reserved 1075200K
  class space    used 3886K, capacity 4175K, committed 4272K, reserved 1048576K
}

